Dataset/Injected_Faults/AnkiDroid/Anki-Android-Defeito-5/api/build/intermediates/manifest_merge_blame_file/debug/manifest-merger-blame-debug-report.txt
1<?xml version="1.0" encoding="utf-8"?>
2<manifest xmlns:android="http://schemas.android.com/apk/res/android"
3    package="com.ichi2.anki.api"
4    android:versionCode="11030"
5    android:versionName="1.1.0" >
6
7    <uses-sdk
8        android:minSdkVersion="14"
8-->src/main/AndroidManifest.xml
9        android:targetSdkVersion="29" />
9-->src/main/AndroidManifest.xml
10
11    <uses-permission android:name="com.ichi2.anki.permission.READ_WRITE_DATABASE" />
11-->src/main/AndroidManifest.xml:3:5-84
11-->src/main/AndroidManifest.xml:3:22-82
12
13    <application
13-->src/main/AndroidManifest.xml:4:5-5:19
14        android:allowBackup="true"
14-->src/main/AndroidManifest.xml:4:18-44
15        android:label="@string/app_name" >
15-->src/main/AndroidManifest.xml:4:45-77
16    </application>
17
18</manifest>